<?xml version="1.0" encoding="UTF-8"?>
<testng-results skipped="0" failed="0" ignored="0" total="1" passed="1">
  <reporter-output>
  </reporter-output>
  <suite name="AllTests" duration-ms="42510" started-at="2018-09-18T22:01:13 PDT" finished-at="2018-09-18T22:01:56 PDT">
    <groups>
    </groups>
    <test name="regression" duration-ms="42510" started-at="2018-09-18T22:01:13 PDT" finished-at="2018-09-18T22:01:56 PDT">
      <class name="tests.TestClass">
        <test-method status="PASS" signature="setup()[pri:0, instance:tests.TestClass@55f3ddb1]" name="setup" is-config="true" duration-ms="19620" started-at="2018-09-18T22:01:13 PDT" finished-at="2018-09-18T22:01:33 PDT">
          <reporter-output>
          </reporter-output>
        </test-method> <!-- setup -->
        <test-method status="PASS" signature="search()[pri:1, instance:tests.TestClass@55f3ddb1]" name="search" duration-ms="15183" started-at="2018-09-18T22:01:33 PDT" finished-at="2018-09-18T22:01:48 PDT">
          <reporter-output>
          </reporter-output>
        </test-method> <!-- search -->
        <test-method status="PASS" signature="afterEachTest(org.testng.ITestResult)[pri:0, instance:tests.TestClass@55f3ddb1]" name="afterEachTest" is-config="true" duration-ms="2" started-at="2018-09-18T22:01:48 PDT" finished-at="2018-09-18T22:01:48 PDT">
          <params>
            <param index="0">
              <value>
                <![CDATA[[TestResult name=search status=SUCCESS method=TestClass.search()[pri:1, instance:tests.TestClass@55f3ddb1] output={null}]]]>
              </value>
            </param>
          </params>
          <reporter-output>
          </reporter-output>
        </test-method> <!-- afterEachTest -->
        <test-method status="PASS" signature="cleanup()[pri:0, instance:tests.TestClass@55f3ddb1]" name="cleanup" is-config="true" duration-ms="7676" started-at="2018-09-18T22:01:48 PDT" finished-at="2018-09-18T22:01:56 PDT">
          <reporter-output>
          </reporter-output>
        </test-method> <!-- cleanup -->
      </class> <!-- tests.TestClass -->
    </test> <!-- regression -->
  </suite> <!-- AllTests -->
</testng-results>
